<?xml version="1.0" encoding="UTF-8"?>
<!-- Generated by org.testng.reporters.JUnitXMLReporter -->
<testsuite ignored="0" hostname="LAPTOP-F7D2E0IN" failures="0" tests="8" name="Test" time="0.087" errors="0" timestamp="2022-09-18T18:51:34 IST">
  <testcase classname="maven.Demo" name="tclassA" time="0.008"/>
  <testcase classname="maven.Demo" name="tclassB" time="0.001"/>
  <testcase classname="maven.Demo" name="tclassC" time="0.002"/>
  <testcase classname="maven.Demo" name="tclassD" time="0.002"/>
  <testcase classname="maven.Alpha" name="tclass" time="0.001"/>
  <testcase classname="maven.Alpha" name="tclass1" time="0.002"/>
  <testcase classname="maven.Alpha" name="tclass2" time="0.002"/>
  <testcase classname="maven.Alpha" name="tclass3" time="0.002"/>
</testsuite> <!-- Test -->
