<?xml version="1.0" encoding="UTF-8"?>
<testng-results ignored="0" total="1" passed="1" failed="0" skipped="0">
  <reporter-output>
  </reporter-output>
  <suite started-at="2022-09-15T23:25:05 IST" name="Default suite" finished-at="2022-09-15T23:25:05 IST" duration-ms="93">
    <groups>
    </groups>
    <test started-at="2022-09-15T23:25:05 IST" name="Default test" finished-at="2022-09-15T23:25:05 IST" duration-ms="93">
      <class name="ashu94.Testng">
        <test-method is-config="true" signature="beforeClass()[pri:0, instance:ashu94.Testng@1b1473ab]" started-at="2022-09-15T23:25:05 IST" name="beforeClass" finished-at="2022-09-15T23:25:05 IST" duration-ms="10" status="PASS">
          <reporter-output>
          </reporter-output>
        </test-method> <!-- beforeClass -->
        <test-method is-config="true" signature="beforeMethod()[pri:0, instance:ashu94.Testng@1b1473ab]" started-at="2022-09-15T23:25:05 IST" name="beforeMethod" finished-at="2022-09-15T23:25:05 IST" duration-ms="1" status="PASS">
          <reporter-output>
          </reporter-output>
        </test-method> <!-- beforeMethod -->
        <test-method signature="test()[pri:0, instance:ashu94.Testng@1b1473ab]" started-at="2022-09-15T23:25:05 IST" name="test" finished-at="2022-09-15T23:25:05 IST" duration-ms="26" status="PASS">
          <reporter-output>
          </reporter-output>
        </test-method> <!-- test -->
      </class> <!-- ashu94.Testng -->
    </test> <!-- Default test -->
  </suite> <!-- Default suite -->
</testng-results>
