<?xml version="1.0" encoding="UTF-8"?>
<!-- Generated by org.testng.reporters.JUnitXMLReporter -->
<testsuite ignored="0" hostname="LAPTOP-BATHA0A4" failures="0" tests="3" name="Default test" time="53.662" errors="0" timestamp="2022-09-28T06:32:47 IST">
  <testcase classname="linktest.TestNG" name="MyNetwork1" time="5.042"/>
  <testcase classname="linktest.TestNG" name="MyNetwork2" time="1.078"/>
  <testcase classname="linktest.TestNG" name="myNetwork" time="3.794"/>
</testsuite> <!-- Default test -->
