<?xml version="1.0" encoding="UTF-8"?>
<testng-results ignored="0" total="6" passed="6" failed="0" skipped="0">
  <reporter-output>
  </reporter-output>
  <suite started-at="2022-09-28T06:34:00 IST" name="Suite" finished-at="2022-09-28T06:35:48 IST" duration-ms="107937">
    <groups>
    </groups>
    <test started-at="2022-09-28T06:34:00 IST" name="Test" finished-at="2022-09-28T06:35:48 IST" duration-ms="107937">
      <class name="linktest.Test2">
        <test-method is-config="true" signature="openBrowser()[pri:0, instance:linktest.Test2@7c729a55]" started-at="2022-09-28T06:34:58 IST" name="openBrowser" finished-at="2022-09-28T06:34:59 IST" duration-ms="913" status="PASS">
          <reporter-output>
          </reporter-output>
        </test-method> <!-- openBrowser -->
        <test-method is-config="true" signature="loginBrowser()[pri:0, instance:linktest.Test2@7c729a55]" started-at="2022-09-28T06:34:59 IST" name="loginBrowser" finished-at="2022-09-28T06:35:09 IST" duration-ms="10458" status="PASS">
          <reporter-output>
          </reporter-output>
        </test-method> <!-- loginBrowser -->
        <test-method signature="MyNetwork1()[pri:0, instance:linktest.Test2@7c729a55]" started-at="2022-09-28T06:35:09 IST" name="MyNetwork1" finished-at="2022-09-28T06:35:14 IST" duration-ms="5047" status="PASS">
          <reporter-output>
          </reporter-output>
        </test-method> <!-- MyNetwork1 -->
        <test-method is-config="true" signature="logout()[pri:0, instance:linktest.Test2@7c729a55]" started-at="2022-09-28T06:35:14 IST" name="logout" finished-at="2022-09-28T06:35:18 IST" duration-ms="3217" status="PASS">
          <reporter-output>
          </reporter-output>
        </test-method> <!-- logout -->
        <test-method is-config="true" signature="loginBrowser()[pri:0, instance:linktest.Test2@7c729a55]" started-at="2022-09-28T06:35:18 IST" name="loginBrowser" finished-at="2022-09-28T06:35:27 IST" duration-ms="9796" status="PASS">
          <reporter-output>
          </reporter-output>
        </test-method> <!-- loginBrowser -->
        <test-method signature="MyNetwork2()[pri:0, instance:linktest.Test2@7c729a55]" started-at="2022-09-28T06:35:27 IST" name="MyNetwork2" finished-at="2022-09-28T06:35:28 IST" duration-ms="956" status="PASS">
          <reporter-output>
          </reporter-output>
        </test-method> <!-- MyNetwork2 -->
        <test-method is-config="true" signature="logout()[pri:0, instance:linktest.Test2@7c729a55]" started-at="2022-09-28T06:35:28 IST" name="logout" finished-at="2022-09-28T06:35:32 IST" duration-ms="3235" status="PASS">
          <reporter-output>
          </reporter-output>
        </test-method> <!-- logout -->
        <test-method is-config="true" signature="loginBrowser()[pri:0, instance:linktest.Test2@7c729a55]" started-at="2022-09-28T06:35:32 IST" name="loginBrowser" finished-at="2022-09-28T06:35:41 IST" duration-ms="9049" status="PASS">
          <reporter-output>
          </reporter-output>
        </test-method> <!-- loginBrowser -->
        <test-method signature="myNetwork()[pri:0, instance:linktest.Test2@7c729a55]" started-at="2022-09-28T06:35:41 IST" name="myNetwork" finished-at="2022-09-28T06:35:45 IST" duration-ms="4041" status="PASS">
          <reporter-output>
          </reporter-output>
        </test-method> <!-- myNetwork -->
        <test-method is-config="true" signature="logout()[pri:0, instance:linktest.Test2@7c729a55]" started-at="2022-09-28T06:35:45 IST" name="logout" finished-at="2022-09-28T06:35:48 IST" duration-ms="3197" status="PASS">
          <reporter-output>
          </reporter-output>
        </test-method> <!-- logout -->
        <test-method is-config="true" signature="closeBrowser()[pri:0, instance:linktest.Test2@7c729a55]" started-at="2022-09-28T06:35:48 IST" name="closeBrowser" finished-at="2022-09-28T06:35:48 IST" duration-ms="198" status="PASS">
          <reporter-output>
          </reporter-output>
        </test-method> <!-- closeBrowser -->
      </class> <!-- linktest.Test2 -->
      <class name="linktest.TestNG">
        <test-method is-config="true" signature="openBrowser()[pri:0, instance:linktest.TestNG@32eff876]" started-at="2022-09-28T06:34:00 IST" name="openBrowser" finished-at="2022-09-28T06:34:02 IST" duration-ms="1683" status="PASS">
          <reporter-output>
          </reporter-output>
        </test-method> <!-- openBrowser -->
        <test-method is-config="true" signature="loginBrowser()[pri:0, instance:linktest.TestNG@32eff876]" started-at="2022-09-28T06:34:02 IST" name="loginBrowser" finished-at="2022-09-28T06:34:13 IST" duration-ms="10763" status="PASS">
          <reporter-output>
          </reporter-output>
        </test-method> <!-- loginBrowser -->
        <test-method signature="MyNetwork1()[pri:0, instance:linktest.TestNG@32eff876]" started-at="2022-09-28T06:34:13 IST" name="MyNetwork1" finished-at="2022-09-28T06:34:18 IST" duration-ms="5090" status="PASS">
          <reporter-output>
          </reporter-output>
        </test-method> <!-- MyNetwork1 -->
        <test-method is-config="true" signature="logout()[pri:0, instance:linktest.TestNG@32eff876]" started-at="2022-09-28T06:34:18 IST" name="logout" finished-at="2022-09-28T06:34:21 IST" duration-ms="3217" status="PASS">
          <reporter-output>
          </reporter-output>
        </test-method> <!-- logout -->
        <test-method is-config="true" signature="loginBrowser()[pri:0, instance:linktest.TestNG@32eff876]" started-at="2022-09-28T06:34:21 IST" name="loginBrowser" finished-at="2022-09-28T06:34:34 IST" duration-ms="13210" status="PASS">
          <reporter-output>
          </reporter-output>
        </test-method> <!-- loginBrowser -->
        <test-method signature="MyNetwork2()[pri:0, instance:linktest.TestNG@32eff876]" started-at="2022-09-28T06:34:34 IST" name="MyNetwork2" finished-at="2022-09-28T06:34:35 IST" duration-ms="934" status="PASS">
          <reporter-output>
          </reporter-output>
        </test-method> <!-- MyNetwork2 -->
        <test-method is-config="true" signature="logout()[pri:0, instance:linktest.TestNG@32eff876]" started-at="2022-09-28T06:34:35 IST" name="logout" finished-at="2022-09-28T06:34:39 IST" duration-ms="3492" status="PASS">
          <reporter-output>
          </reporter-output>
        </test-method> <!-- logout -->
        <test-method is-config="true" signature="loginBrowser()[pri:0, instance:linktest.TestNG@32eff876]" started-at="2022-09-28T06:34:39 IST" name="loginBrowser" finished-at="2022-09-28T06:34:48 IST" duration-ms="9608" status="PASS">
          <reporter-output>
          </reporter-output>
        </test-method> <!-- loginBrowser -->
        <test-method signature="myNetwork()[pri:0, instance:linktest.TestNG@32eff876]" started-at="2022-09-28T06:34:48 IST" name="myNetwork" finished-at="2022-09-28T06:34:52 IST" duration-ms="4053" status="PASS">
          <reporter-output>
          </reporter-output>
        </test-method> <!-- myNetwork -->
        <test-method is-config="true" signature="logout()[pri:0, instance:linktest.TestNG@32eff876]" started-at="2022-09-28T06:34:52 IST" name="logout" finished-at="2022-09-28T06:34:56 IST" duration-ms="3257" status="PASS">
          <reporter-output>
          </reporter-output>
        </test-method> <!-- logout -->
        <test-method is-config="true" signature="closeBrowser()[pri:0, instance:linktest.TestNG@32eff876]" started-at="2022-09-28T06:34:56 IST" name="closeBrowser" finished-at="2022-09-28T06:34:58 IST" duration-ms="2452" status="PASS">
          <reporter-output>
          </reporter-output>
        </test-method> <!-- closeBrowser -->
      </class> <!-- linktest.TestNG -->
    </test> <!-- Test -->
  </suite> <!-- Suite -->
</testng-results>
