<?xml version="1.0" encoding="UTF-8"?>
<!-- Generated by org.testng.reporters.JUnitXMLReporter -->
<testsuite ignored="0" hostname="LAPTOP-BATHA0A4" failures="0" tests="6" name="Test" time="107.937" errors="0" timestamp="2022-09-28T06:35:48 IST">
  <testcase classname="linktest.TestNG" name="MyNetwork1" time="5.09"/>
  <testcase classname="linktest.TestNG" name="MyNetwork2" time="0.934"/>
  <testcase classname="linktest.TestNG" name="myNetwork" time="4.053"/>
  <testcase classname="linktest.Test2" name="MyNetwork1" time="5.047"/>
  <testcase classname="linktest.Test2" name="MyNetwork2" time="0.956"/>
  <testcase classname="linktest.Test2" name="myNetwork" time="4.041"/>
</testsuite> <!-- Test -->
